<?xml version="1.0" encoding="UTF-8"?>
<!-- Generated by org.testng.reporters.JUnitReportReporter -->
<testsuite hostname="prsist226" failures="0" tests="2" name="menuContratantePacTest.certificacionesTest.certificacionesTest" time="76.527" errors="0" timestamp="2024-07-17T09:04:35 COT" skipped="0">
  <testcase classname="menuContratantePacTest.certificacionesTest.certificacionesTest" name="certificacionValorPagado" time="39.453"/>
  <system-out/>
  <testcase classname="menuContratantePacTest.certificacionesTest.certificacionesTest" name="certificadoUtilizacionPAC" time="37.074"/>
  <system-out/>
</testsuite> <!-- menuContratantePacTest.certificacionesTest.certificacionesTest -->
