<?xml version="1.0" encoding="UTF-8"?>
<!-- Generated by org.testng.reporters.JUnitReportReporter -->
<testsuite hostname="prsist226" failures="1" tests="2" name="menuContratantePacTest.facturasYPagosTest.facturasYPagosTest" time="84.158" errors="0" timestamp="2024-07-17T09:04:35 COT" skipped="0">
  <testcase classname="menuContratantePacTest.facturasYPagosTest.facturasYPagosTest" name="PagosPlanComplementario" time="59.501"/>
  <system-out/>
  <testcase classname="menuContratantePacTest.facturasYPagosTest.facturasYPagosTest" name="generarCopiaDeFactura" time="24.657">
    <failure message="El archivo no se descargó correctamente expected [true] but found [false]" type="java.lang.AssertionError">
      <![CDATA[java.lang.AssertionError: El archivo no se descargó correctamente expected [true] but found [false]
at org.testng.Assert.fail(Assert.java:110)
at org.testng.Assert.failNotEquals(Assert.java:1413)
at org.testng.Assert.assertTrue(Assert.java:56)
at menuContratantePacTest.facturasYPagosTest.facturasYPagosTest.generarCopiaDeFactura(facturasYPagosTest.java:139)
at java.base/jdk.internal.reflect.NativeMethodAccessorImpl.invoke0(Native Method)
at java.base/jdk.internal.reflect.NativeMethodAccessorImpl.invoke(NativeMethodAccessorImpl.java:77)
at java.base/jdk.internal.reflect.DelegatingMethodAccessorImpl.invoke(DelegatingMethodAccessorImpl.java:43)
at java.base/java.lang.reflect.Method.invoke(Method.java:568)
at org.testng.internal.invokers.MethodInvocationHelper.invokeMethod(MethodInvocationHelper.java:139)
at org.testng.internal.invokers.TestInvoker.invokeMethod(TestInvoker.java:677)
at org.testng.internal.invokers.TestInvoker.invokeTestMethod(TestInvoker.java:221)
at org.testng.internal.invokers.MethodRunner.runInSequence(MethodRunner.java:50)
at org.testng.internal.invokers.TestInvoker$MethodInvocationAgent.invoke(TestInvoker.java:969)
at org.testng.internal.invokers.TestInvoker.invokeTestMethods(TestInvoker.java:194)
at org.testng.internal.invokers.TestMethodWorker.invokeTestMethods(TestMethodWorker.java:148)
at org.testng.internal.invokers.TestMethodWorker.run(TestMethodWorker.java:128)
at java.base/java.util.concurrent.ThreadPoolExecutor.runWorker(ThreadPoolExecutor.java:1136)
at java.base/java.util.concurrent.ThreadPoolExecutor$Worker.run(ThreadPoolExecutor.java:635)
at java.base/java.lang.Thread.run(Thread.java:833)
]]>
    </failure>
  </testcase> <!-- generarCopiaDeFactura -->
  <system-out/>
</testsuite> <!-- menuContratantePacTest.facturasYPagosTest.facturasYPagosTest -->
