<?xml version="1.0" encoding="UTF-8"?>
<!-- Generated by org.testng.reporters.JUnitReportReporter -->
<testsuite hostname="prsist226" failures="0" tests="1" name="menuContratantePacTest.afiliacionesTest.afiliadoTest" time="25.022" errors="0" timestamp="2024-07-17T09:04:35 COT" skipped="0">
  <testcase classname="menuContratantePacTest.afiliacionesTest.afiliadoTest" name="grupofamiliar" time="25.022"/>
  <system-out/>
</testsuite> <!-- menuContratantePacTest.afiliacionesTest.afiliadoTest -->
