<?xml version="1.0" encoding="UTF-8"?>
<!-- Generated by org.testng.reporters.JUnitReportReporter -->
<testsuite hostname="prsist226" failures="0" tests="1" name="menuAdministradorTest.usuarioTest.usuarioTest" time="62.942" errors="0" timestamp="2024-09-01T22:05:02 COT" skipped="0">
  <testcase classname="menuAdministradorTest.usuarioTest.usuarioTest" name="administrarPerfiles" time="62.942"/>
  <system-out/>
</testsuite> <!-- menuAdministradorTest.usuarioTest.usuarioTest -->
