<?xml version="1.0" encoding="UTF-8"?>
<!-- Generated by org.testng.reporters.JUnitReportReporter -->
<testsuite hostname="prsist226" failures="0" tests="1" name="loginTest.loginTest" time="11.034" errors="0" timestamp="2024-05-28T12:52:00 COT" skipped="0">
  <testcase classname="loginTest.loginTest" name="testLogin" time="11.034"/>
  <system-out/>
</testsuite> <!-- loginTest.loginTest -->
