<?xml version="1.0" encoding="UTF-8"?>
<!-- Generated by org.testng.reporters.JUnitReportReporter -->
<testsuite hostname="prsist226" failures="0" tests="3" name="IPSTest.autorizacionesTest.autorizacionesTest" time="100.343" errors="0" timestamp="2024-07-24T23:21:07 COT" skipped="0">
  <testcase classname="IPSTest.autorizacionesTest.autorizacionesTest" name="ValidacionDeDerechos" time="33.831"/>
  <system-out/>
  <testcase classname="IPSTest.autorizacionesTest.autorizacionesTest" name="UrgenciasMedicas" time="35.655"/>
  <system-out/>
  <testcase classname="IPSTest.autorizacionesTest.autorizacionesTest" name="Urgenciasodontologicas" time="30.857"/>
  <system-out/>
</testsuite> <!-- IPSTest.autorizacionesTest.autorizacionesTest -->
